
Showing logs for build [32mcb-kubecd-bdd-gh-1584319310-pr-mqz8k-1[0m stage [32mfrom-build-pack[0m and container [32mstep-credential-initializer-rr2cl[0m
{"level":"warn","ts":1584320679.6345613,"logger":"fallback-logger","caller":"logging/config.go:69","msg":"Fetch GitHub commit ID from kodata failed: \"ref: refs/heads/0.8.0-**-support-backwards-incompats\" is not a valid GitHub commit ID"}
{"level":"info","ts":1584320679.635118,"logger":"fallback-logger","caller":"creds-init/main.go:40","msg":"Credentials initialized."}

Showing logs for build [32mcb-kubecd-bdd-gh-1584319310-pr-mqz8k-1[0m stage [32mfrom-build-pack[0m and container [32mstep-working-dir-initializer-465sp[0m
{"level":"warn","ts":1584320680.7023506,"logger":"fallback-logger","caller":"logging/config.go:69","msg":"Fetch GitHub commit ID from kodata failed: open /var/run/ko/HEAD: no such file or directory"}
{"level":"info","ts":1584320680.7037113,"logger":"fallback-logger","caller":"bash/main.go:64","msg":"Successfully executed command \"sh -c mkdir -p /workspace/source\"; output "}

Showing logs for build [32mcb-kubecd-bdd-gh-1584319310-pr-mqz8k-1[0m stage [32mfrom-build-pack[0m and container [32mstep-place-tools[0m

Showing logs for build [32mcb-kubecd-bdd-gh-1584319310-pr-mqz8k-1[0m stage [32mfrom-build-pack[0m and container [32mstep-git-source-cb-kubecd-bdd-gh-1584319310-pr-mqz8k-8t24m[0m
{"level":"warn","ts":1584320685.8247473,"logger":"fallback-logger","caller":"logging/config.go:69","msg":"Fetch GitHub commit ID from kodata failed: \"ref: refs/heads/0.8.0-**-support-backwards-incompats\" is not a valid GitHub commit ID"}
{"level":"info","ts":1584320686.870019,"logger":"fallback-logger","caller":"git/git.go:103","msg":"Successfully cloned https://github.com/cb-kubecd/bdd-gh-1584319310.git @ master in path /workspace/source"}

Showing logs for build [32mcb-kubecd-bdd-gh-1584319310-pr-mqz8k-1[0m stage [32mfrom-build-pack[0m and container [32mstep-git-merge[0m
Using SHAs from PULL_REFS=master:4fc0e63119ee0862d2d0a8517163c4b63a8d4f6f,1:16513dcfc08cc30cfebc43503e4b6f185902ecdb
DEBUG: JX_LOG_LEVEL=error LC_ALL=C git fetch origin --unshallow 16513dcfc08cc30cfebc43503e4b6f185902ecdb: 4fc0e63119ee0862d2d0a8517163c4b63a8d4f6f:
DEBUG: ran git fetch --unshallow origin 16513dcfc08cc30cfebc43503e4b6f185902ecdb: 4fc0e63119ee0862d2d0a8517163c4b63a8d4f6f: in 
DEBUG: LC_ALL=C JX_LOG_LEVEL=error git branch
DEBUG: LC_ALL=C JX_LOG_LEVEL=error git checkout master
DEBUG: ran git checkout master in 
DEBUG: LC_ALL=C JX_LOG_LEVEL=error git reset --hard 4fc0e63119ee0862d2d0a8517163c4b63a8d4f6f
DEBUG: ran git reset --hard 4fc0e63119ee0862d2d0a8517163c4b63a8d4f6f in 
DEBUG: LC_ALL=C JX_LOG_LEVEL=error git clean -fd .
DEBUG: ran clean --force -d . in 
DEBUG: LC_ALL=C JX_LOG_LEVEL=error git merge 16513dcfc08cc30cfebc43503e4b6f185902ecdb
DEBUG: ran git merge 16513dcfc08cc30cfebc43503e4b6f185902ecdb in 
DEBUG: LC_ALL=C JX_LOG_LEVEL=error git log --format=%H%x1f%an%x1f%ae%x1f%cn%x1f%ce%x1f%s%n%b%x1e 4fc0e63119ee0862d2d0a8517163c4b63a8d4f6f..HEAD
Merged SHA 16513dcfc08cc30cfebc43503e4b6f185902ecdb with commit message 'My first PR commit' into base branch master

Showing logs for build [32mcb-kubecd-bdd-gh-1584319310-pr-mqz8k-1[0m stage [32mfrom-build-pack[0m and container [32mstep-build-make-linux[0m
CGO_ENABLED=0 GOOS=linux GOARCH=amd64 GO15VENDOREXPERIMENT=1 go build -ldflags '' -o bin/bdd-gh-1584319310 main.go

Showing logs for build [32mcb-kubecd-bdd-gh-1584319310-pr-mqz8k-1[0m stage [32mfrom-build-pack[0m and container [32mstep-build-container-build[0m
[36mINFO[0m[0000] No base image, nothing to extract            
[36mINFO[0m[0000] cmd: EXPOSE                                  
[36mINFO[0m[0000] Adding exposed port: 8080/tcp                
[36mINFO[0m[0000] Using files from context: [/workspace/source/bin] 
[36mINFO[0m[0000] Skipping unpacking as no commands require it. 
[36mINFO[0m[0000] Taking snapshot of full filesystem...        
[36mINFO[0m[0000] EXPOSE 8080                                  
[36mINFO[0m[0000] cmd: EXPOSE                                  
[36mINFO[0m[0000] Adding exposed port: 8080/tcp                
[36mINFO[0m[0000] No files changed in this command, skipping snapshotting. 
[36mINFO[0m[0000] ENTRYPOINT ["/bdd-gh-1584319310"]            
[36mINFO[0m[0000] No files changed in this command, skipping snapshotting. 
[36mINFO[0m[0000] Using files from context: [/workspace/source/bin] 
[36mINFO[0m[0000] COPY ./bin/ /                                
[36mINFO[0m[0000] Taking snapshot of files...                  
2020/03/16 01:05:03 pushed blob: sha256:255cc1e3ceadc9a3425deafad1c9ce34062300f3122942978cf8aaddebd77ba6
2020/03/16 01:05:04 pushed blob: sha256:e1e3a11ee72d13a1de2fee6354890a11114bffa7dccf7b431f386e633a001c35
2020/03/16 01:05:06 gcr.io/jenkins-x-bdd3/bdd-gh-1584319310:0.0.0-SNAPSHOT-PR-1-1: digest: sha256:73935c01bc20558bb656a1aeec061e6ba1c8a2f7e0518786282883bd9cae5c46 size: 428

Showing logs for build [32mcb-kubecd-bdd-gh-1584319310-pr-mqz8k-1[0m stage [32mfrom-build-pack[0m and container [32mstep-postbuild-post-build[0m
no CVE provider running in the current ** namespace so skip adding image to be analysed

Showing logs for build [32mcb-kubecd-bdd-gh-1584319310-pr-mqz8k-1[0m stage [32mfrom-build-pack[0m and container [32mstep-promote-make-preview[0m
sed -i -e "s/version:.*/version: 0.0.0-SNAPSHOT-PR-1-1/" Chart.yaml
sed -i -e "s/version:.*/version: 0.0.0-SNAPSHOT-PR-1-1/" ../*/Chart.yaml
sed -i -e "s|repository:.*|repository: gcr.io\/jenkins-x-bdd3\/bdd-gh-1584319310|" values.yaml
sed -i -e "s/tag:.*/tag: 0.0.0-SNAPSHOT-PR-1-1/" values.yaml
echo "  version: 0.0.0-SNAPSHOT-PR-1-1" >> requirements.yaml
** step helm build
WARNING: No $CHART_REPOSITORY defined so using the default value of: http://jenkins-x-chartmuseum:8080
Adding missing Helm repo: storage.googleapis.com https://storage.googleapis.com/chartmuseum.jenkins-x.io
WARNING: No secrets found on "helm/repos" due: reading the secret "helm/repos" from vault: no secret "helm/repos" not found in vault
Read credentials for https://storage.googleapis.com/chartmuseum.jenkins-x.io from vault helm/repos
Successfully added Helm repository storage.googleapis.com.
Adding missing Helm repo: jenkins-x-chartmuseum http://jenkins-x-chartmuseum:8080
WARNING: No secrets found on "helm/repos" due: reading the secret "helm/repos" from vault: no secret "helm/repos" not found in vault
Read credentials for http://jenkins-x-chartmuseum:8080 from vault helm/repos
Successfully added Helm repository jenkins-x-chartmuseum.
WARNING: No $CHART_REPOSITORY defined so using the default value of: http://jenkins-x-chartmuseum:8080
Adding missing Helm repo: chartmuseum.jenkins-x.io http://chartmuseum.jenkins-x.io
WARNING: No secrets found on "helm/repos" due: reading the secret "helm/repos" from vault: no secret "helm/repos" not found in vault
Read credentials for http://chartmuseum.jenkins-x.io from vault helm/repos
Successfully added Helm repository chartmuseum.jenkins-x.io.

Showing logs for build [32mcb-kubecd-bdd-gh-1584319310-pr-mqz8k-1[0m stage [32mfrom-build-pack[0m and container [32mstep-promote-jx-preview[0m
Creating a preview
Created environment cb-kubecd-bdd-gh-1584319310-pr-1
Namespace **-cb-kubecd-bdd-gh-1584319310-pr-1 created 
expose:
  Annotations:
    helm.sh/hook: post-install,post-upgrade
    helm.sh/hook-delete-policy: hook-succeeded
  config:
    domain: 34.77.123.87.nip.io
    exposer: Ingress
    http: "true"
preview:
  image:
    repository: gcr.io/jenkins-x-bdd3/bdd-gh-1584319310
    tag: 0.0.0-SNAPSHOT-PR-1-1

Updating PipelineActivities cb-kubecd-bdd-gh-1584319310-pr-1-1 which has status Running
Preview application is now available at: http://bdd-gh-1584319310.**-cb-kubecd-bdd-gh-1584319310-pr-1.34.77.123.87.nip.io
